Using pre-set license
Built from '2021.3/staging' branch; Version is '2021.3.22f1 (b6c551784ba3) revision 11978065'; Using compiler version '192829333'; Build Type 'Release'
OS: 'Windows 10  (10.0.19045) 64bit Enterprise' Language: 'en' Physical Memory: 16118 MB
BatchMode: 1, IsHumanControllingUs: 0, StartBugReporterOnCrash: 0, Is64bit: 1, IsPro: 1

COMMAND LINE ARGUMENTS:
C:\Program Files\Unity\Hub\Editor\2021.3.22f1\Editor\Unity.exe
-adb2
-batchMode
-noUpm
-name
AssetImportWorker4
-projectPath
C:/Users/4249629/Documents/Project/Project-Evil/metro
-logFile
Logs/AssetImportWorker4.log
-srvPort
55463
Successfully changed project path to: C:/Users/4249629/Documents/Project/Project-Evil/metro
C:/Users/4249629/Documents/Project/Project-Evil/metro
[UnityMemory] Configuration Parameters - Can be set up in boot.config
    "memorysetup-bucket-allocator-granularity=16"
    "memorysetup-bucket-allocator-bucket-count=8"
    "memorysetup-bucket-allocator-block-size=33554432"
    "memorysetup-bucket-allocator-block-count=8"
    "memorysetup-main-allocator-block-size=16777216"
    "memorysetup-thread-allocator-block-size=16777216"
    "memorysetup-gfx-main-allocator-block-size=16777216"
    "memorysetup-gfx-thread-allocator-block-size=16777216"
    "memorysetup-cache-allocator-block-size=4194304"
    "memorysetup-typetree-allocator-block-size=2097152"
    "memorysetup-profiler-bucket-allocator-granularity=16"
    "memorysetup-profiler-bucket-allocator-bucket-count=8"
    "memorysetup-profiler-bucket-allocator-block-size=33554432"
    "memorysetup-profiler-bucket-allocator-block-count=8"
    "memorysetup-profiler-allocator-block-size=16777216"
    "memorysetup-profiler-editor-allocator-block-size=1048576"
    "memorysetup-temp-allocator-size-main=16777216"
    "memorysetup-job-temp-allocator-block-size=2097152"
    "memorysetup-job-temp-allocator-block-size-background=1048576"
    "memorysetup-job-temp-allocator-reduction-small-platforms=262144"
    "memorysetup-temp-allocator-size-background-worker=32768"
    "memorysetup-temp-allocator-size-job-worker=262144"
    "memorysetup-temp-allocator-size-preload-manager=33554432"
    "memorysetup-temp-allocator-size-nav-mesh-worker=65536"
    "memorysetup-temp-allocator-size-audio-worker=65536"
    "memorysetup-temp-allocator-size-cloud-worker=32768"
    "memorysetup-temp-allocator-size-gi-baking-worker=262144"
    "memorysetup-temp-allocator-size-gfx=262144"
Player connection [6824] Host "[IP] 10.117.33.73 [Port] 0 [Flags] 2 [Guid] 3720246567 [EditorId] 3720246567 [Version] 1048832 [Id] WindowsEditor(7,PCADSTU-CN44GL3) [Debug] 1 [PackageName] WindowsEditor [ProjectName] Editor" joined multi-casting on [225.0.0.222:54997]...

Player connection [6824] Host "[IP] 10.117.33.73 [Port] 0 [Flags] 2 [Guid] 3720246567 [EditorId] 3720246567 [Version] 1048832 [Id] WindowsEditor(7,PCADSTU-CN44GL3) [Debug] 1 [PackageName] WindowsEditor [ProjectName] Editor" joined alternative multi-casting on [225.0.0.222:34997]...

Refreshing native plugins compatible for Editor in 212.68 ms, found 3 plugins.
Preloading 0 native plugins for Editor in 0.00 ms.
Initialize engine version: 2021.3.22f1 (b6c551784ba3)
[Subsystems] Discovering subsystems at path C:/Program Files/Unity/Hub/Editor/2021.3.22f1/Editor/Data/Resources/UnitySubsystems
[Subsystems] Discovering subsystems at path C:/Users/4249629/Documents/Project/Project-Evil/metro/Assets
GfxDevice: creating device client; threaded=0; jobified=0
Direct3D:
    Version:  Direct3D 11.0 [level 11.1]
    Renderer: NVIDIA GeForce MX350 (ID=0x1c94)
    Vendor:   NVIDIA
    VRAM:     1979 MB
    Driver:   31.0.15.1700
Initialize mono
Mono path[0] = 'C:/Program Files/Unity/Hub/Editor/2021.3.22f1/Editor/Data/Managed'
Mono path[1] = 'C:/Program Files/Unity/Hub/Editor/2021.3.22f1/Editor/Data/MonoBleedingEdge/lib/mono/unityjit-win32'
Mono config path = 'C:/Program Files/Unity/Hub/Editor/2021.3.22f1/Editor/Data/MonoBleedingEdge/etc'
Using monoOptions --debugger-agent=transport=dt_socket,embedding=1,server=y,suspend=n,address=127.0.0.1:56212
Begin MonoManager ReloadAssembly
Registering precompiled unity dll's ...
Register platform support module: C:/Program Files/Unity/Hub/Editor/2021.3.22f1/Editor/Data/PlaybackEngines/WebGLSupport/UnityEditor.WebGL.Extensions.dll
Register platform support module: C:/Program Files/Unity/Hub/Editor/2021.3.22f1/Editor/Data/PlaybackEngines/WindowsStandaloneSupport/UnityEditor.WindowsStandalone.Extensions.dll
Registered in 0.019753 seconds.
Native extension for WindowsStandalone target not found
Native extension for WebGL target not found
Refreshing native plugins compatible for Editor in 249.06 ms, found 3 plugins.
Preloading 0 native plugins for Editor in 0.00 ms.
Mono: successfully reloaded assembly
- Completed reload, in  2.035 seconds
Domain Reload Profiling:
	ReloadAssembly (2036ms)
		BeginReloadAssembly (262ms)
			ExecutionOrderSort (0ms)
			DisableScriptedObjects (0ms)
			BackupInstance (0ms)
			ReleaseScriptingObjects (0ms)
			CreateAndSetChildDomain (2ms)
		EndReloadAssembly (1455ms)
			LoadAssemblies (255ms)
			RebuildTransferFunctionScriptingTraits (0ms)
			SetupTypeCache (356ms)
			ReleaseScriptCaches (0ms)
			RebuildScriptCaches (98ms)
			SetupLoadedEditorAssemblies (832ms)
				LogAssemblyErrors (0ms)
				InitializePlatformSupportModulesInManaged (27ms)
				SetLoadedEditorAssemblies (1ms)
				RefreshPlugins (249ms)
				BeforeProcessingInitializeOnLoad (3ms)
				ProcessInitializeOnLoadAttributes (405ms)
				ProcessInitializeOnLoadMethodAttributes (146ms)
				AfterProcessingInitializeOnLoad (0ms)
				EditorAssembliesLoaded (0ms)
			ExecutionOrderSort2 (0ms)
			AwakeInstancesAfterBackupRestoration (0ms)
Platform modules already initialized, skipping
Registering precompiled user dll's ...
Registered in 0.016451 seconds.
Begin MonoManager ReloadAssembly
Symbol file LoadedFromMemory doesn't match image C:\Users\4249629\Documents\Project\Project-Evil\metro\Library\PackageCache\com.unity.visualscripting@1.8.0\Editor\VisualScripting.Core\Dependencies\YamlDotNet\Unity.VisualScripting.YamlDotNet.dll
Symbol file LoadedFromMemory doesn't match image C:\Users\4249629\Documents\Project\Project-Evil\metro\Library\PackageCache\com.unity.visualscripting@1.8.0\Editor\VisualScripting.Core\Dependencies\DotNetZip\Unity.VisualScripting.IonicZip.dll
Native extension for WindowsStandalone target not found
Native extension for WebGL target not found
Refreshing native plugins compatible for Editor in 1.02 ms, found 3 plugins.
Preloading 0 native plugins for Editor in 0.00 ms.
System.Exception: Error! Visual Scripting: couldn't find visual scripting package
  at Unity.VisualScripting.PackageVersionUtility.get_version () [0x00043] in C:\Users\4249629\Documents\Project\Project-Evil\metro\Library\PackageCache\com.unity.visualscripting@1.8.0\Editor\VisualScripting.Core\Utilities\PackageVersionUtility.cs:31 
  at Unity.VisualScripting.BoltCoreManifest.get_version () [0x00000] in C:\Users\4249629\Documents\Project\Project-Evil\metro\Library\PackageCache\com.unity.visualscripting@1.8.0\Editor\VisualScripting.Core\Plugin\BoltCoreManifest.cs:11 
  at Unity.VisualScripting.PluginManifest.get_currentVersion () [0x00000] in C:\Users\4249629\Documents\Project\Project-Evil\metro\Library\PackageCache\com.unity.visualscripting@1.8.0\Editor\VisualScripting.Core\Plugins\PluginManifest.cs:33 
  at Unity.VisualScripting.PluginManifest.get_versionMismatch () [0x00000] in C:\Users\4249629\Documents\Project\Project-Evil\metro\Library\PackageCache\com.unity.visualscripting@1.8.0\Editor\VisualScripting.Core\Plugins\PluginManifest.cs:48 
  at Unity.VisualScripting.PluginContainer.Initialize () [0x00525] in C:\Users\4249629\Documents\Project\Project-Evil\metro\Library\PackageCache\com.unity.visualscripting@1.8.0\Editor\VisualScripting.Core\Plugins\PluginContainer.cs:208 
  at Unity.VisualScripting.PluginContainer.InitializeOnLoad () [0x00009] in C:\Users\4249629\Documents\Project\Project-Evil\metro\Library\PackageCache\com.unity.visualscripting@1.8.0\Editor\VisualScripting.Core\Plugins\PluginContainer.cs:32 
  at Unity.VisualScripting.VSUsageUtility.DoInitializeOnLoadCalls () [0x00034] in C:\Users\4249629\Documents\Project\Project-Evil\metro\Library\PackageCache\com.unity.visualscripting@1.8.0\Editor\VisualScripting.Core\Utilities\VSUsageUtility.cs:76 
  at Unity.VisualScripting.VSUsageUtility.set_isVisualScriptingUsed (System.Boolean value) [0x0002c] in C:\Users\4249629\Documents\Project\Project-Evil\metro\Library\PackageCache\com.unity.visualscripting@1.8.0\Editor\VisualScripting.Core\Utilities\VSUsageUtility.cs:114 
  at Unity.VisualScripting.VSUsageUtility.CheckAndSetIsVisualScriptingUsed () [0x00032] in C:\Users\4249629\Documents\Project\Project-Evil\metro\Library\PackageCache\com.unity.visualscripting@1.8.0\Editor\VisualScripting.Core\Utilities\VSUsageUtility.cs:48 
  at Unity.VisualScripting.VSUsageUtility..cctor () [0x00000] in C:\Users\4249629\Documents\Project\Project-Evil\metro\Library\PackageCache\com.unity.visualscripting@1.8.0\Editor\VisualScripting.Core\Utilities\VSUsageUtility.cs:22 
UnityEngine.StackTraceUtility:ExtractStackTrace ()
UnityEngine.DebugLogHandler:LogFormat (UnityEngine.LogType,UnityEngine.Object,string,object[])
UnityEngine.Logger:Log (UnityEngine.LogType,object)
UnityEngine.Debug:LogError (object)
UnityEditor.EditorAssemblies:ProcessInitializeOnLoadAttributes (System.Type[])

Mono: successfully reloaded assembly
- Completed reload, in 17.366 seconds
Domain Reload Profiling:
	ReloadAssembly (17368ms)
		BeginReloadAssembly (341ms)
			ExecutionOrderSort (0ms)
			DisableScriptedObjects (16ms)
			BackupInstance (0ms)
			ReleaseScriptingObjects (0ms)
			CreateAndSetChildDomain (49ms)
		EndReloadAssembly (16570ms)
			LoadAssemblies (7770ms)
			RebuildTransferFunctionScriptingTraits (0ms)
			SetupTypeCache (2142ms)
			ReleaseScriptCaches (2ms)
			RebuildScriptCaches (121ms)
			SetupLoadedEditorAssemblies (6431ms)
				LogAssemblyErrors (0ms)
				InitializePlatformSupportModulesInManaged (51ms)
				SetLoadedEditorAssemblies (1ms)
				RefreshPlugins (1ms)
				BeforeProcessingInitializeOnLoad (243ms)
				ProcessInitializeOnLoadAttributes (6046ms)
				ProcessInitializeOnLoadMethodAttributes (57ms)
				AfterProcessingInitializeOnLoad (31ms)
				EditorAssembliesLoaded (1ms)
			ExecutionOrderSort2 (0ms)
			AwakeInstancesAfterBackupRestoration (25ms)
Platform modules already initialized, skipping
========================================================================
Worker process is ready to serve import requests
Launched and connected shader compiler UnityShaderCompiler.exe after 0.20 seconds
Refreshing native plugins compatible for Editor in 1.40 ms, found 3 plugins.
Preloading 0 native plugins for Editor in 0.00 ms.
Unloading 3089 Unused Serialized files (Serialized files now loaded: 0)
Unloading 22 unused Assets / (56.9 KB). Loaded Objects now: 3555.
Memory consumption went from 114.2 MB to 114.1 MB.
Total: 29.318000 ms (FindLiveObjects: 0.386000 ms CreateObjectMapping: 0.175600 ms MarkObjects: 28.559600 ms  DeleteObjects: 0.190700 ms)

AssetImportParameters requested are different than current active one (requested -> active):
  custom:video-decoder-ogg-theora: a1e56fd34408186e4bbccfd4996cb3dc -> 
  custom:container-muxer-webm: aa71ff27fc2769a1b78a27578f13a17b -> 
  custom:container-demuxer-webm: 4f35f7cbe854078d1ac9338744f61a02 -> 
  custom:video-encoder-webm-vp8: eb34c28f22e8b96e1ab97ce403110664 -> 
  custom:audio-encoder-webm-vorbis: bf7c407c2cedff20999df2af8eb42d56 -> 
  custom:framework-win-MediaFoundation: 216162199b28c13a410421893ffa2e32 -> 
  custom:container-demuxer-ogg: 62fdf1f143b41e24485cea50d1cbac27 -> 
  custom:video-decoder-webm-vp8: 9c59270c3fd7afecdb556c50c9e8de78 -> 
  custom:audio-decoder-ogg-vorbis: bf7c407c2cedff20999df2af8eb42d56 -> 
========================================================================
Received Import Request.
  Time since last request: 55069.219958 seconds.
  path: Assets/tunnels/textures, assets/SBS - Tiny Texture Pack 2 - 256x256/256x256/Wood/Wood_05-256x256.png
  artifactKey: Guid(223b12c8b55f60e4db6dba5666a5dc8a) Importer(815301076,1909f56bfc062723c751e8b465ee728b)
Start importing Assets/tunnels/textures, assets/SBS - Tiny Texture Pack 2 - 256x256/256x256/Wood/Wood_05-256x256.png using Guid(223b12c8b55f60e4db6dba5666a5dc8a) Importer(815301076,1909f56bfc062723c751e8b465ee728b)  -> (artifact id: '2292f597487e12bf8a91ce5b2cea6208') in 0.393802 seconds 
========================================================================
Received Import Request.
  Time since last request: 0.000047 seconds.
  path: Assets/tunnels/textures, assets/SBS - Tiny Texture Pack 2 - 256x256/256x256/Wood/Wood_02-256x256.png
  artifactKey: Guid(6db3274f71c3180408731bfda5ae4728) Importer(815301076,1909f56bfc062723c751e8b465ee728b)
Start importing Assets/tunnels/textures, assets/SBS - Tiny Texture Pack 2 - 256x256/256x256/Wood/Wood_02-256x256.png using Guid(6db3274f71c3180408731bfda5ae4728) Importer(815301076,1909f56bfc062723c751e8b465ee728b)  -> (artifact id: 'e10d3dc164bea9175472a77f70f3bd04') in 0.054086 seconds 
========================================================================
Received Import Request.
  Time since last request: 0.000069 seconds.
  path: Assets/tunnels/textures, assets/SBS - Tiny Texture Pack 2 - 256x256/256x256/Wood/Wood_01-256x256.png
  artifactKey: Guid(c63fed0b70d0f854791dc3164ef9c493) Importer(815301076,1909f56bfc062723c751e8b465ee728b)
Start importing Assets/tunnels/textures, assets/SBS - Tiny Texture Pack 2 - 256x256/256x256/Wood/Wood_01-256x256.png using Guid(c63fed0b70d0f854791dc3164ef9c493) Importer(815301076,1909f56bfc062723c751e8b465ee728b)  -> (artifact id: 'ae1ee61ca392f6495303a8a0b00edad5') in 0.034781 seconds 
========================================================================
Received Import Request.
  Time since last request: 0.000040 seconds.
  path: Assets/tunnels/textures, assets/SBS - Tiny Texture Pack 2 - 256x256/256x256/Wood
  artifactKey: Guid(00bd40024f8405e4bbacbc19c72c8b25) Importer(815301076,1909f56bfc062723c751e8b465ee728b)
Start importing Assets/tunnels/textures, assets/SBS - Tiny Texture Pack 2 - 256x256/256x256/Wood using Guid(00bd40024f8405e4bbacbc19c72c8b25) Importer(815301076,1909f56bfc062723c751e8b465ee728b)  -> (artifact id: '1f281d4b9e2d4d09714fc7fc0dd420ab') in 0.019617 seconds 
========================================================================
Received Import Request.
  Time since last request: 0.000045 seconds.
  path: Assets/tunnels/textures, assets/SBS - Tiny Texture Pack 2 - 256x256/256x256/Wood/Wood_07-256x256.png
  artifactKey: Guid(77c3825e6ea82d14bb5b47425b4fb896) Importer(815301076,1909f56bfc062723c751e8b465ee728b)
Start importing Assets/tunnels/textures, assets/SBS - Tiny Texture Pack 2 - 256x256/256x256/Wood/Wood_07-256x256.png using Guid(77c3825e6ea82d14bb5b47425b4fb896) Importer(815301076,1909f56bfc062723c751e8b465ee728b)  -> (artifact id: 'b6374403b9232f24aa71922c89c93978') in 0.035503 seconds 
========================================================================
Received Import Request.
  Time since last request: 0.000037 seconds.
  path: Assets/tunnels/textures, assets/SBS - Tiny Texture Pack 2 - 256x256/256x256/Wood/Wood_06-256x256.png
  artifactKey: Guid(64b515b882efddd4bb9c59a8eac5b150) Importer(815301076,1909f56bfc062723c751e8b465ee728b)
Start importing Assets/tunnels/textures, assets/SBS - Tiny Texture Pack 2 - 256x256/256x256/Wood/Wood_06-256x256.png using Guid(64b515b882efddd4bb9c59a8eac5b150) Importer(815301076,1909f56bfc062723c751e8b465ee728b)  -> (artifact id: 'f456f48bb69e8c21cada18602ceb1d25') in 0.048471 seconds 
========================================================================
Received Import Request.
  Time since last request: 0.000035 seconds.
  path: Assets/assets/models/Cabinet/Cabinet/Cabinet.blend
  artifactKey: Guid(63b86d8ab8dafed42b941893d32ae015) Importer(815301076,1909f56bfc062723c751e8b465ee728b)
Start importing Assets/assets/models/Cabinet/Cabinet/Cabinet.blend using Guid(63b86d8ab8dafed42b941893d32ae015) Importer(815301076,1909f56bfc062723c751e8b465ee728b)  -> (artifact id: '90a8eef6f6b730b96764fbc87a96316f') in 0.600928 seconds 
