Using pre-set license
Built from '2021.3/staging' branch; Version is '2021.3.22f1 (b6c551784ba3) revision 11978065'; Using compiler version '192829333'; Build Type 'Release'
OS: 'Windows 10  (10.0.19045) 64bit Enterprise' Language: 'en' Physical Memory: 16118 MB
BatchMode: 1, IsHumanControllingUs: 0, StartBugReporterOnCrash: 0, Is64bit: 1, IsPro: 1

COMMAND LINE ARGUMENTS:
C:\Program Files\Unity\Hub\Editor\2021.3.22f1\Editor\Unity.exe
-adb2
-batchMode
-noUpm
-name
AssetImportWorker5
-projectPath
C:/Users/4249629/Documents/Project/Project-Evil/metro
-logFile
Logs/AssetImportWorker5.log
-srvPort
55463
Successfully changed project path to: C:/Users/4249629/Documents/Project/Project-Evil/metro
C:/Users/4249629/Documents/Project/Project-Evil/metro
[UnityMemory] Configuration Parameters - Can be set up in boot.config
    "memorysetup-bucket-allocator-granularity=16"
    "memorysetup-bucket-allocator-bucket-count=8"
    "memorysetup-bucket-allocator-block-size=33554432"
    "memorysetup-bucket-allocator-block-count=8"
    "memorysetup-main-allocator-block-size=16777216"
    "memorysetup-thread-allocator-block-size=16777216"
    "memorysetup-gfx-main-allocator-block-size=16777216"
    "memorysetup-gfx-thread-allocator-block-size=16777216"
    "memorysetup-cache-allocator-block-size=4194304"
    "memorysetup-typetree-allocator-block-size=2097152"
    "memorysetup-profiler-bucket-allocator-granularity=16"
    "memorysetup-profiler-bucket-allocator-bucket-count=8"
    "memorysetup-profiler-bucket-allocator-block-size=33554432"
    "memorysetup-profiler-bucket-allocator-block-count=8"
    "memorysetup-profiler-allocator-block-size=16777216"
    "memorysetup-profiler-editor-allocator-block-size=1048576"
    "memorysetup-temp-allocator-size-main=16777216"
    "memorysetup-job-temp-allocator-block-size=2097152"
    "memorysetup-job-temp-allocator-block-size-background=1048576"
    "memorysetup-job-temp-allocator-reduction-small-platforms=262144"
    "memorysetup-temp-allocator-size-background-worker=32768"
    "memorysetup-temp-allocator-size-job-worker=262144"
    "memorysetup-temp-allocator-size-preload-manager=33554432"
    "memorysetup-temp-allocator-size-nav-mesh-worker=65536"
    "memorysetup-temp-allocator-size-audio-worker=65536"
    "memorysetup-temp-allocator-size-cloud-worker=32768"
    "memorysetup-temp-allocator-size-gi-baking-worker=262144"
    "memorysetup-temp-allocator-size-gfx=262144"
Player connection [8240] Host "[IP] 10.117.33.73 [Port] 0 [Flags] 2 [Guid] 2786064604 [EditorId] 2786064604 [Version] 1048832 [Id] WindowsEditor(7,PCADSTU-CN44GL3) [Debug] 1 [PackageName] WindowsEditor [ProjectName] Editor" joined multi-casting on [225.0.0.222:54997]...

Player connection [8240] Host "[IP] 10.117.33.73 [Port] 0 [Flags] 2 [Guid] 2786064604 [EditorId] 2786064604 [Version] 1048832 [Id] WindowsEditor(7,PCADSTU-CN44GL3) [Debug] 1 [PackageName] WindowsEditor [ProjectName] Editor" joined alternative multi-casting on [225.0.0.222:34997]...

Refreshing native plugins compatible for Editor in 225.36 ms, found 3 plugins.
Preloading 0 native plugins for Editor in 0.00 ms.
Initialize engine version: 2021.3.22f1 (b6c551784ba3)
[Subsystems] Discovering subsystems at path C:/Program Files/Unity/Hub/Editor/2021.3.22f1/Editor/Data/Resources/UnitySubsystems
[Subsystems] Discovering subsystems at path C:/Users/4249629/Documents/Project/Project-Evil/metro/Assets
GfxDevice: creating device client; threaded=0; jobified=0
Direct3D:
    Version:  Direct3D 11.0 [level 11.1]
    Renderer: NVIDIA GeForce MX350 (ID=0x1c94)
    Vendor:   NVIDIA
    VRAM:     1979 MB
    Driver:   31.0.15.1700
Initialize mono
Mono path[0] = 'C:/Program Files/Unity/Hub/Editor/2021.3.22f1/Editor/Data/Managed'
Mono path[1] = 'C:/Program Files/Unity/Hub/Editor/2021.3.22f1/Editor/Data/MonoBleedingEdge/lib/mono/unityjit-win32'
Mono config path = 'C:/Program Files/Unity/Hub/Editor/2021.3.22f1/Editor/Data/MonoBleedingEdge/etc'
Using monoOptions --debugger-agent=transport=dt_socket,embedding=1,server=y,suspend=n,address=127.0.0.1:56316
Begin MonoManager ReloadAssembly
Registering precompiled unity dll's ...
Register platform support module: C:/Program Files/Unity/Hub/Editor/2021.3.22f1/Editor/Data/PlaybackEngines/WebGLSupport/UnityEditor.WebGL.Extensions.dll
Register platform support module: C:/Program Files/Unity/Hub/Editor/2021.3.22f1/Editor/Data/PlaybackEngines/WindowsStandaloneSupport/UnityEditor.WindowsStandalone.Extensions.dll
Registered in 0.023874 seconds.
Native extension for WindowsStandalone target not found
Native extension for WebGL target not found
Refreshing native plugins compatible for Editor in 240.78 ms, found 3 plugins.
Preloading 0 native plugins for Editor in 0.00 ms.
Mono: successfully reloaded assembly
- Completed reload, in  2.037 seconds
Domain Reload Profiling:
	ReloadAssembly (2039ms)
		BeginReloadAssembly (264ms)
			ExecutionOrderSort (0ms)
			DisableScriptedObjects (0ms)
			BackupInstance (0ms)
			ReleaseScriptingObjects (0ms)
			CreateAndSetChildDomain (2ms)
		EndReloadAssembly (1434ms)
			LoadAssemblies (259ms)
			RebuildTransferFunctionScriptingTraits (0ms)
			SetupTypeCache (346ms)
			ReleaseScriptCaches (0ms)
			RebuildScriptCaches (92ms)
			SetupLoadedEditorAssemblies (821ms)
				LogAssemblyErrors (0ms)
				InitializePlatformSupportModulesInManaged (29ms)
				SetLoadedEditorAssemblies (1ms)
				RefreshPlugins (241ms)
				BeforeProcessingInitializeOnLoad (4ms)
				ProcessInitializeOnLoadAttributes (391ms)
				ProcessInitializeOnLoadMethodAttributes (154ms)
				AfterProcessingInitializeOnLoad (0ms)
				EditorAssembliesLoaded (0ms)
			ExecutionOrderSort2 (0ms)
			AwakeInstancesAfterBackupRestoration (0ms)
Platform modules already initialized, skipping
Registering precompiled user dll's ...
Registered in 0.016404 seconds.
Begin MonoManager ReloadAssembly
Symbol file LoadedFromMemory doesn't match image C:\Users\4249629\Documents\Project\Project-Evil\metro\Library\PackageCache\com.unity.visualscripting@1.8.0\Editor\VisualScripting.Core\Dependencies\YamlDotNet\Unity.VisualScripting.YamlDotNet.dll
Symbol file LoadedFromMemory doesn't match image C:\Users\4249629\Documents\Project\Project-Evil\metro\Library\PackageCache\com.unity.visualscripting@1.8.0\Editor\VisualScripting.Core\Dependencies\DotNetZip\Unity.VisualScripting.IonicZip.dll
Native extension for WindowsStandalone target not found
Native extension for WebGL target not found
Refreshing native plugins compatible for Editor in 1.63 ms, found 3 plugins.
Preloading 0 native plugins for Editor in 0.00 ms.
System.Exception: Error! Visual Scripting: couldn't find visual scripting package
  at Unity.VisualScripting.PackageVersionUtility.get_version () [0x00043] in C:\Users\4249629\Documents\Project\Project-Evil\metro\Library\PackageCache\com.unity.visualscripting@1.8.0\Editor\VisualScripting.Core\Utilities\PackageVersionUtility.cs:31 
  at Unity.VisualScripting.BoltCoreManifest.get_version () [0x00000] in C:\Users\4249629\Documents\Project\Project-Evil\metro\Library\PackageCache\com.unity.visualscripting@1.8.0\Editor\VisualScripting.Core\Plugin\BoltCoreManifest.cs:11 
  at Unity.VisualScripting.PluginManifest.get_currentVersion () [0x00000] in C:\Users\4249629\Documents\Project\Project-Evil\metro\Library\PackageCache\com.unity.visualscripting@1.8.0\Editor\VisualScripting.Core\Plugins\PluginManifest.cs:33 
  at Unity.VisualScripting.PluginManifest.get_versionMismatch () [0x00000] in C:\Users\4249629\Documents\Project\Project-Evil\metro\Library\PackageCache\com.unity.visualscripting@1.8.0\Editor\VisualScripting.Core\Plugins\PluginManifest.cs:48 
  at Unity.VisualScripting.PluginContainer.Initialize () [0x00525] in C:\Users\4249629\Documents\Project\Project-Evil\metro\Library\PackageCache\com.unity.visualscripting@1.8.0\Editor\VisualScripting.Core\Plugins\PluginContainer.cs:208 
  at Unity.VisualScripting.PluginContainer.InitializeOnLoad () [0x00009] in C:\Users\4249629\Documents\Project\Project-Evil\metro\Library\PackageCache\com.unity.visualscripting@1.8.0\Editor\VisualScripting.Core\Plugins\PluginContainer.cs:32 
  at Unity.VisualScripting.VSUsageUtility.DoInitializeOnLoadCalls () [0x00034] in C:\Users\4249629\Documents\Project\Project-Evil\metro\Library\PackageCache\com.unity.visualscripting@1.8.0\Editor\VisualScripting.Core\Utilities\VSUsageUtility.cs:76 
  at Unity.VisualScripting.VSUsageUtility.set_isVisualScriptingUsed (System.Boolean value) [0x0002c] in C:\Users\4249629\Documents\Project\Project-Evil\metro\Library\PackageCache\com.unity.visualscripting@1.8.0\Editor\VisualScripting.Core\Utilities\VSUsageUtility.cs:114 
  at Unity.VisualScripting.VSUsageUtility.CheckAndSetIsVisualScriptingUsed () [0x00032] in C:\Users\4249629\Documents\Project\Project-Evil\metro\Library\PackageCache\com.unity.visualscripting@1.8.0\Editor\VisualScripting.Core\Utilities\VSUsageUtility.cs:48 
  at Unity.VisualScripting.VSUsageUtility..cctor () [0x00000] in C:\Users\4249629\Documents\Project\Project-Evil\metro\Library\PackageCache\com.unity.visualscripting@1.8.0\Editor\VisualScripting.Core\Utilities\VSUsageUtility.cs:22 
UnityEngine.StackTraceUtility:ExtractStackTrace ()
UnityEngine.DebugLogHandler:LogFormat (UnityEngine.LogType,UnityEngine.Object,string,object[])
UnityEngine.Logger:Log (UnityEngine.LogType,object)
UnityEngine.Debug:LogError (object)
UnityEditor.EditorAssemblies:ProcessInitializeOnLoadAttributes (System.Type[])

Mono: successfully reloaded assembly
- Completed reload, in 17.353 seconds
Domain Reload Profiling:
	ReloadAssembly (17355ms)
		BeginReloadAssembly (337ms)
			ExecutionOrderSort (0ms)
			DisableScriptedObjects (17ms)
			BackupInstance (0ms)
			ReleaseScriptingObjects (0ms)
			CreateAndSetChildDomain (50ms)
		EndReloadAssembly (16571ms)
			LoadAssemblies (7774ms)
			RebuildTransferFunctionScriptingTraits (0ms)
			SetupTypeCache (2143ms)
			ReleaseScriptCaches (1ms)
			RebuildScriptCaches (131ms)
			SetupLoadedEditorAssemblies (6363ms)
				LogAssemblyErrors (0ms)
				InitializePlatformSupportModulesInManaged (23ms)
				SetLoadedEditorAssemblies (1ms)
				RefreshPlugins (2ms)
				BeforeProcessingInitializeOnLoad (214ms)
				ProcessInitializeOnLoadAttributes (6034ms)
				ProcessInitializeOnLoadMethodAttributes (59ms)
				AfterProcessingInitializeOnLoad (30ms)
				EditorAssembliesLoaded (1ms)
			ExecutionOrderSort2 (0ms)
			AwakeInstancesAfterBackupRestoration (23ms)
Platform modules already initialized, skipping
========================================================================
Worker process is ready to serve import requests
Launched and connected shader compiler UnityShaderCompiler.exe after 0.20 seconds
Refreshing native plugins compatible for Editor in 1.48 ms, found 3 plugins.
Preloading 0 native plugins for Editor in 0.00 ms.
Unloading 3089 Unused Serialized files (Serialized files now loaded: 0)
Unloading 22 unused Assets / (56.9 KB). Loaded Objects now: 3555.
Memory consumption went from 114.2 MB to 114.1 MB.
Total: 33.427200 ms (FindLiveObjects: 0.527600 ms CreateObjectMapping: 0.236500 ms MarkObjects: 32.491300 ms  DeleteObjects: 0.169200 ms)

AssetImportParameters requested are different than current active one (requested -> active):
  custom:video-decoder-ogg-theora: a1e56fd34408186e4bbccfd4996cb3dc -> 
  custom:container-muxer-webm: aa71ff27fc2769a1b78a27578f13a17b -> 
  custom:container-demuxer-webm: 4f35f7cbe854078d1ac9338744f61a02 -> 
  custom:video-encoder-webm-vp8: eb34c28f22e8b96e1ab97ce403110664 -> 
  custom:audio-encoder-webm-vorbis: bf7c407c2cedff20999df2af8eb42d56 -> 
  custom:framework-win-MediaFoundation: 216162199b28c13a410421893ffa2e32 -> 
  custom:container-demuxer-ogg: 62fdf1f143b41e24485cea50d1cbac27 -> 
  custom:video-decoder-webm-vp8: 9c59270c3fd7afecdb556c50c9e8de78 -> 
  custom:audio-decoder-ogg-vorbis: bf7c407c2cedff20999df2af8eb42d56 -> 
========================================================================
Received Import Request.
  Time since last request: 55069.220238 seconds.
  path: Assets/assets/models/Cabinet/Cabinet/Cabinet.obj
  artifactKey: Guid(fc51c2e4be1f2494da6cb357c925522a) Importer(815301076,1909f56bfc062723c751e8b465ee728b)
Start importing Assets/assets/models/Cabinet/Cabinet/Cabinet.obj using Guid(fc51c2e4be1f2494da6cb357c925522a) Importer(815301076,1909f56bfc062723c751e8b465ee728b)  -> (artifact id: 'e78b7fbfcc064eb4bd35c743982d9578') in 0.528235 seconds 
========================================================================
Received Import Request.
  Time since last request: 0.000055 seconds.
  path: Assets/tunnels/textures, assets/SBS - Tiny Texture Pack 2 - 256x256/256x256/Wood/Wood_12-256x256.png
  artifactKey: Guid(50cfb86e0ce069f45b924d8d19ebdf75) Importer(815301076,1909f56bfc062723c751e8b465ee728b)
Start importing Assets/tunnels/textures, assets/SBS - Tiny Texture Pack 2 - 256x256/256x256/Wood/Wood_12-256x256.png using Guid(50cfb86e0ce069f45b924d8d19ebdf75) Importer(815301076,1909f56bfc062723c751e8b465ee728b)  -> (artifact id: 'd79b88f80028ac60e672dfde8dfd1ff9') in 0.097730 seconds 
========================================================================
Received Import Request.
  Time since last request: 0.000230 seconds.
  path: Assets/tunnels/textures, assets/SBS - Tiny Texture Pack 2 - 256x256/256x256/Wood/Wood_11-256x256.png
  artifactKey: Guid(3fcdc883cce1d0846af77ad791429256) Importer(815301076,1909f56bfc062723c751e8b465ee728b)
Start importing Assets/tunnels/textures, assets/SBS - Tiny Texture Pack 2 - 256x256/256x256/Wood/Wood_11-256x256.png using Guid(3fcdc883cce1d0846af77ad791429256) Importer(815301076,1909f56bfc062723c751e8b465ee728b)  -> (artifact id: '77c7d8ce37a03a46b8d36c60d4a0016f') in 0.053045 seconds 
========================================================================
Received Import Request.
  Time since last request: 0.000049 seconds.
  path: Assets/Texures/Materials/Wood_04.mat
  artifactKey: Guid(694fe2e8ec1e09245aa913ace5478f03) Importer(815301076,1909f56bfc062723c751e8b465ee728b)
Start importing Assets/Texures/Materials/Wood_04.mat using Guid(694fe2e8ec1e09245aa913ace5478f03) Importer(815301076,1909f56bfc062723c751e8b465ee728b)  -> (artifact id: '325cb65413eee29c00a4ea614e4c0361') in 0.048917 seconds 
========================================================================
Received Import Request.
  Time since last request: 0.000046 seconds.
  path: Assets/tunnels/textures, assets/SBS - Tiny Texture Pack 2 - 256x256/256x256/Wood/Wood_03-256x256.png
  artifactKey: Guid(2590d6fabd92de647be2744da360f28c) Importer(815301076,1909f56bfc062723c751e8b465ee728b)
Start importing Assets/tunnels/textures, assets/SBS - Tiny Texture Pack 2 - 256x256/256x256/Wood/Wood_03-256x256.png using Guid(2590d6fabd92de647be2744da360f28c) Importer(815301076,1909f56bfc062723c751e8b465ee728b)  -> (artifact id: 'aad5976c5f5ac41bba408fc7a13adb18') in 0.048001 seconds 
========================================================================
Received Import Request.
  Time since last request: 0.000047 seconds.
  path: Assets/tunnels/textures, assets/SBS - Tiny Texture Pack 2 - 256x256/256x256/Wood/Wood_15-256x256.png
  artifactKey: Guid(1876b66699e899d4b8b2bd0cd2587b35) Importer(815301076,1909f56bfc062723c751e8b465ee728b)
Start importing Assets/tunnels/textures, assets/SBS - Tiny Texture Pack 2 - 256x256/256x256/Wood/Wood_15-256x256.png using Guid(1876b66699e899d4b8b2bd0cd2587b35) Importer(815301076,1909f56bfc062723c751e8b465ee728b)  -> (artifact id: '95564c658c3365c5df585ab52270fa64') in 0.044271 seconds 
========================================================================
Received Import Request.
  Time since last request: 0.000045 seconds.
  path: Assets/tunnels/textures, assets/SBS - Tiny Texture Pack 2 - 256x256/256x256/Wood/Wood_04-256x256.png
  artifactKey: Guid(5a2bf332c5f1f124ea96be36ea1e9c2b) Importer(815301076,1909f56bfc062723c751e8b465ee728b)
Start importing Assets/tunnels/textures, assets/SBS - Tiny Texture Pack 2 - 256x256/256x256/Wood/Wood_04-256x256.png using Guid(5a2bf332c5f1f124ea96be36ea1e9c2b) Importer(815301076,1909f56bfc062723c751e8b465ee728b)  -> (artifact id: '624a915092865663751511ff376e5d81') in 0.041056 seconds 
========================================================================
Received Import Request.
  Time since last request: 0.000058 seconds.
  path: Assets/tunnels/textures, assets/SBS - Tiny Texture Pack 2 - 256x256/256x256/Wood/Wood_08-256x256.png
  artifactKey: Guid(bac6a024277ef954f845365917fcb1f8) Importer(815301076,1909f56bfc062723c751e8b465ee728b)
Start importing Assets/tunnels/textures, assets/SBS - Tiny Texture Pack 2 - 256x256/256x256/Wood/Wood_08-256x256.png using Guid(bac6a024277ef954f845365917fcb1f8) Importer(815301076,1909f56bfc062723c751e8b465ee728b)  -> (artifact id: 'b0267e907a69c253624b1785a21dd27f') in 0.054704 seconds 
========================================================================
Received Import Request.
  Time since last request: 0.000050 seconds.
  path: Assets/tunnels/textures, assets/SBS - Tiny Texture Pack 2 - 256x256/256x256/Wood/Wood_09-256x256.png
  artifactKey: Guid(d6e22001dee816149b02b41046f0ebd6) Importer(815301076,1909f56bfc062723c751e8b465ee728b)
Start importing Assets/tunnels/textures, assets/SBS - Tiny Texture Pack 2 - 256x256/256x256/Wood/Wood_09-256x256.png using Guid(d6e22001dee816149b02b41046f0ebd6) Importer(815301076,1909f56bfc062723c751e8b465ee728b)  -> (artifact id: '42b694cd2ae60aed7940e28bffc7857d') in 0.042647 seconds 
========================================================================
Received Import Request.
  Time since last request: 0.000045 seconds.
  path: Assets/tunnels/textures, assets/SBS - Tiny Texture Pack 2 - 256x256/256x256/Wood/Wood_14-256x256.png
  artifactKey: Guid(6653cc950996df342b69b3ffe0b25dad) Importer(815301076,1909f56bfc062723c751e8b465ee728b)
Start importing Assets/tunnels/textures, assets/SBS - Tiny Texture Pack 2 - 256x256/256x256/Wood/Wood_14-256x256.png using Guid(6653cc950996df342b69b3ffe0b25dad) Importer(815301076,1909f56bfc062723c751e8b465ee728b)  -> (artifact id: '258cdd99137aac1eb78ea73bb292d7c6') in 0.041399 seconds 
========================================================================
Received Import Request.
  Time since last request: 0.000032 seconds.
  path: Assets/tunnels/textures, assets/SBS - Tiny Texture Pack 2 - 256x256/256x256/Wood/Wood_10-256x256.png
  artifactKey: Guid(9dd31c7e181a7a34d838bb6e2163be8a) Importer(815301076,1909f56bfc062723c751e8b465ee728b)
Start importing Assets/tunnels/textures, assets/SBS - Tiny Texture Pack 2 - 256x256/256x256/Wood/Wood_10-256x256.png using Guid(9dd31c7e181a7a34d838bb6e2163be8a) Importer(815301076,1909f56bfc062723c751e8b465ee728b)  -> (artifact id: 'dee72bf2f3a9cbaefd224b23e4c9ff70') in 0.039097 seconds 
========================================================================
Received Import Request.
  Time since last request: 0.000049 seconds.
  path: Assets/tunnels/textures, assets/SBS - Tiny Texture Pack 2 - 256x256/256x256/Wood/Wood_13-256x256.png
  artifactKey: Guid(fe972111a7993d046a8bb5b03b45bbdc) Importer(815301076,1909f56bfc062723c751e8b465ee728b)
Start importing Assets/tunnels/textures, assets/SBS - Tiny Texture Pack 2 - 256x256/256x256/Wood/Wood_13-256x256.png using Guid(fe972111a7993d046a8bb5b03b45bbdc) Importer(815301076,1909f56bfc062723c751e8b465ee728b)  -> (artifact id: 'cf8d2e46fe0cfa737f51366a682d390c') in 0.043157 seconds 
